2023-05-27 11:33:20[ INFO ]>>queryUserList用户列表查询测试成功
2023-05-27 11:36:08[ INFO ]>>qselectUserInfo用户登录测试成功
2023-05-27 11:36:36[ INFO ]>>insert用户插入测试成功
2023-05-27 11:37:40[ INFO ]>>delete用户删除测试成功
2023-05-29 13:08:09[ INFO ]>>insert用户插入测试成功
2023-05-29 13:14:52[ INFO ]>>queryProjectList测试成功
2023-05-29 13:16:29[ INFO ]>>addProject测试成功
2023-05-29 13:17:25[ INFO ]>>modifyProject测试成功
2023-06-06 09:00:35[ INFO ]>>insert用户插入测试成功
2023-06-06 09:00:35[ INFO ]>>modifyProject测试成功
2023-06-06 09:00:36[ INFO ]>>addProject测试成功
2023-06-06 09:04:15[ INFO ]>>insert用户插入测试成功
2023-06-06 09:04:15[ INFO ]>>modifyProject测试成功
2023-06-06 09:04:15[ INFO ]>>addProject测试成功
2023-06-06 09:50:48[ INFO ]>>insert用户插入测试成功
2023-06-06 09:50:48[ INFO ]>>modifyProject测试成功
2023-06-06 09:50:48[ INFO ]>>queryProjectList测试成功
2023-06-06 09:50:48[ INFO ]>>addProject测试成功
2023-06-06 10:43:23[ INFO ]>>insert用户插入测试成功
2023-06-06 10:43:23[ INFO ]>>modifyProject测试成功
2023-06-06 10:43:23[ INFO ]>>queryProjectList测试成功
2023-06-06 10:43:24[ INFO ]>>addProject测试成功
2023-06-06 10:53:02[ INFO ]>>insert用户插入测试成功
2023-06-06 10:53:02[ INFO ]>>modifyProject测试成功
2023-06-06 10:53:02[ INFO ]>>queryProjectList测试成功
2023-06-06 10:53:03[ INFO ]>>addProject测试成功
2023-06-06 10:55:38[ INFO ]>>insert用户插入测试成功
2023-06-06 10:55:38[ INFO ]>>modifyProject测试成功
2023-06-06 10:55:38[ INFO ]>>queryProjectList测试成功
2023-06-06 10:55:38[ INFO ]>>addProject测试成功
2023-06-06 11:01:10[ INFO ]>>insert用户插入测试成功
2023-06-06 11:01:10[ INFO ]>>modifyProject测试成功
2023-06-06 11:01:10[ INFO ]>>queryProjectList测试成功
2023-06-06 11:01:10[ INFO ]>>addProject测试成功
2023-06-06 11:03:04[ INFO ]>>insert用户插入测试成功
2023-06-06 11:03:05[ INFO ]>>modifyProject测试成功
2023-06-06 11:03:05[ INFO ]>>queryProjectList测试成功
2023-06-06 11:03:05[ INFO ]>>addProject测试成功
2023-06-06 11:05:02[ INFO ]>>insert用户插入测试成功
2023-06-06 11:05:02[ INFO ]>>modifyProject测试成功
2023-06-06 11:05:02[ INFO ]>>queryProjectList测试成功
2023-06-06 11:05:02[ INFO ]>>addProject测试成功
2023-06-06 11:07:49[ INFO ]>>insert用户插入测试成功
2023-06-06 11:07:49[ INFO ]>>modifyProject测试成功
2023-06-06 11:07:49[ INFO ]>>queryProjectList测试成功
2023-06-06 11:07:49[ INFO ]>>addProject测试成功
2023-06-06 11:17:32[ INFO ]>>insert用户插入测试成功
2023-06-06 11:17:32[ INFO ]>>modifyProject测试成功
2023-06-06 11:17:32[ INFO ]>>queryProjectList测试成功
2023-06-06 11:17:32[ INFO ]>>addProject测试成功
2023-06-06 11:19:34[ INFO ]>>insert用户插入测试成功
2023-06-06 11:19:34[ INFO ]>>modifyProject测试成功
2023-06-06 11:19:34[ INFO ]>>queryProjectList测试成功
2023-06-06 11:19:35[ INFO ]>>addProject测试成功
2023-06-06 11:20:52[ INFO ]>>insert用户插入测试成功
2023-06-06 11:20:52[ INFO ]>>modifyProject测试成功
2023-06-06 11:20:52[ INFO ]>>queryProjectList测试成功
2023-06-06 11:20:53[ INFO ]>>addProject测试成功
2023-06-06 11:22:06[ INFO ]>>insert用户插入测试成功
2023-06-06 11:22:06[ INFO ]>>modifyProject测试成功
2023-06-06 11:22:07[ INFO ]>>queryProjectList测试成功
2023-06-06 11:22:07[ INFO ]>>addProject测试成功
2023-06-06 11:30:04[ INFO ]>>insert用户插入测试成功
2023-06-06 11:30:04[ INFO ]>>modifyProject测试成功
2023-06-06 11:30:04[ INFO ]>>queryProjectList测试成功
2023-06-06 11:30:05[ INFO ]>>addProject测试成功
2023-06-06 14:01:50[ INFO ]>>queryProjectList测试成功
2023-06-06 14:01:50[ INFO ]>>insert用户插入测试成功
2023-06-06 14:01:50[ INFO ]>>modifyProject测试成功
2023-06-06 14:01:50[ INFO ]>>queryProjectList测试成功
2023-06-06 14:01:51[ INFO ]>>addProject测试成功
2023-06-06 14:01:51[ INFO ]>>addProject测试成功
2023-06-06 14:01:51[ INFO ]>>modifyProject测试成功
2023-06-07 08:41:52[ INFO ]>>queryProjectList测试成功
2023-06-07 08:41:53[ INFO ]>>insert用户插入测试成功
2023-06-07 08:41:53[ INFO ]>>modifyProject测试成功
2023-06-07 08:41:53[ INFO ]>>queryProjectList测试成功
2023-06-07 08:41:53[ INFO ]>>addProject测试成功
2023-06-07 08:41:53[ INFO ]>>addProject测试成功
2023-06-07 08:41:54[ INFO ]>>modifyProject测试成功
2023-06-07 08:50:10[ INFO ]>>queryProjectList测试成功
2023-06-07 08:50:11[ INFO ]>>insert用户插入测试成功
2023-06-07 08:50:11[ INFO ]>>modifyProject测试成功
2023-06-07 08:50:11[ INFO ]>>queryProjectList测试成功
2023-06-07 08:50:11[ INFO ]>>addProject测试成功
2023-06-07 08:50:11[ INFO ]>>addProject测试成功
2023-06-07 08:50:11[ INFO ]>>modifyProject测试成功
2023-06-07 09:08:43[ INFO ]>>queryProjectList测试成功
2023-06-07 09:08:43[ INFO ]>>insert用户插入测试成功
2023-06-07 09:08:43[ INFO ]>>modifyProject测试成功
2023-06-07 09:08:44[ INFO ]>>queryProjectList测试成功
2023-06-07 09:08:44[ INFO ]>>addProject测试成功
2023-06-07 09:08:44[ INFO ]>>addProject测试成功
2023-06-07 09:08:44[ INFO ]>>modifyProject测试成功
2023-06-07 09:15:47[ INFO ]>>queryProjectList测试成功
2023-06-07 09:15:48[ INFO ]>>insert用户插入测试成功
2023-06-07 09:15:48[ INFO ]>>modifyProject测试成功
2023-06-07 09:15:48[ INFO ]>>queryProjectList测试成功
2023-06-07 09:15:48[ INFO ]>>addProject测试成功
2023-06-07 09:15:48[ INFO ]>>addProject测试成功
2023-06-07 09:15:48[ INFO ]>>modifyProject测试成功
2023-06-07 09:23:34[ INFO ]>>queryProjectList测试成功
2023-06-07 09:23:34[ INFO ]>>insert用户插入测试成功
2023-06-07 09:23:34[ INFO ]>>modifyProject测试成功
2023-06-07 09:23:34[ INFO ]>>queryProjectList测试成功
2023-06-07 09:23:34[ INFO ]>>addProject测试成功
2023-06-07 09:23:35[ INFO ]>>addProject测试成功
2023-06-07 09:23:35[ INFO ]>>modifyProject测试成功
2023-06-07 09:31:32[ INFO ]>>queryProjectList测试成功
2023-06-07 09:31:32[ INFO ]>>insert用户插入测试成功
2023-06-07 09:31:32[ INFO ]>>modifyProject测试成功
2023-06-07 09:31:32[ INFO ]>>queryProjectList测试成功
2023-06-07 09:31:32[ INFO ]>>addProject测试成功
2023-06-07 09:31:33[ INFO ]>>addProject测试成功
2023-06-07 09:31:33[ INFO ]>>modifyProject测试成功
2023-06-07 09:56:49[ INFO ]>>queryProjectList测试成功
2023-06-07 09:56:50[ INFO ]>>insert用户插入测试成功
2023-06-07 09:56:50[ INFO ]>>modifyProject测试成功
2023-06-07 09:56:50[ INFO ]>>queryProjectList测试成功
2023-06-07 09:56:50[ INFO ]>>addProject测试成功
2023-06-07 09:56:50[ INFO ]>>addProject测试成功
2023-06-07 09:56:50[ INFO ]>>modifyProject测试成功
2023-06-07 09:58:53[ INFO ]>>queryProjectList测试成功
2023-06-07 09:58:54[ INFO ]>>insert用户插入测试成功
2023-06-07 09:58:54[ INFO ]>>modifyProject测试成功
2023-06-07 09:58:54[ INFO ]>>queryProjectList测试成功
2023-06-07 09:58:54[ INFO ]>>addProject测试成功
2023-06-07 09:58:54[ INFO ]>>addProject测试成功
2023-06-07 09:58:54[ INFO ]>>modifyProject测试成功
2023-06-07 10:08:47[ INFO ]>>queryProjectList测试成功
2023-06-07 10:08:47[ INFO ]>>insert用户插入测试成功
2023-06-07 10:08:47[ INFO ]>>modifyProject测试成功
2023-06-07 10:08:47[ INFO ]>>queryProjectList测试成功
2023-06-07 10:08:47[ INFO ]>>addProject测试成功
2023-06-07 10:08:48[ INFO ]>>addProject测试成功
2023-06-07 10:08:48[ INFO ]>>modifyProject测试成功
2023-06-07 10:17:35[ INFO ]>>queryProjectList测试成功
2023-06-07 10:17:35[ INFO ]>>insert用户插入测试成功
2023-06-07 10:17:35[ INFO ]>>modifyProject测试成功
2023-06-07 10:17:35[ INFO ]>>queryProjectList测试成功
2023-06-07 10:17:35[ INFO ]>>addProject测试成功
2023-06-07 10:17:36[ INFO ]>>addProject测试成功
2023-06-07 10:17:36[ INFO ]>>modifyProject测试成功
2023-06-07 10:18:06[ INFO ]>>queryProjectList测试成功
2023-06-07 10:18:06[ INFO ]>>insert用户插入测试成功
2023-06-07 10:18:06[ INFO ]>>modifyProject测试成功
2023-06-07 10:18:06[ INFO ]>>queryProjectList测试成功
2023-06-07 10:18:07[ INFO ]>>addProject测试成功
2023-06-07 10:18:07[ INFO ]>>addProject测试成功
2023-06-07 10:18:07[ INFO ]>>modifyProject测试成功
2023-06-07 10:28:37[ INFO ]>>queryProjectList测试成功
2023-06-07 10:28:37[ INFO ]>>insert用户插入测试成功
2023-06-07 10:28:37[ INFO ]>>modifyProject测试成功
2023-06-07 10:28:37[ INFO ]>>queryProjectList测试成功
2023-06-07 10:28:38[ INFO ]>>addProject测试成功
2023-06-07 10:28:38[ INFO ]>>addProject测试成功
2023-06-07 10:28:38[ INFO ]>>modifyProject测试成功
2023-06-07 10:31:30[ INFO ]>>queryProjectList测试成功
2023-06-07 10:31:30[ INFO ]>>insert用户插入测试成功
2023-06-07 10:31:31[ INFO ]>>modifyProject测试成功
2023-06-07 10:31:31[ INFO ]>>queryProjectList测试成功
2023-06-07 10:31:31[ INFO ]>>addProject测试成功
2023-06-07 10:31:31[ INFO ]>>addProject测试成功
2023-06-07 10:31:31[ INFO ]>>modifyProject测试成功
2023-06-07 10:33:45[ INFO ]>>queryProjectList测试成功
2023-06-07 10:33:45[ INFO ]>>insert用户插入测试成功
2023-06-07 10:33:45[ INFO ]>>modifyProject测试成功
2023-06-07 10:33:45[ INFO ]>>queryProjectList测试成功
2023-06-07 10:33:45[ INFO ]>>addProject测试成功
2023-06-07 10:33:46[ INFO ]>>addProject测试成功
2023-06-07 10:33:46[ INFO ]>>modifyProject测试成功
2023-06-07 10:43:37[ INFO ]>>queryProjectList测试成功
2023-06-07 10:43:37[ INFO ]>>insert用户插入测试成功
2023-06-07 10:43:37[ INFO ]>>modifyProject测试成功
2023-06-07 10:43:37[ INFO ]>>queryProjectList测试成功
2023-06-07 10:43:38[ INFO ]>>addProject测试成功
2023-06-07 10:43:38[ INFO ]>>addProject测试成功
2023-06-07 10:43:38[ INFO ]>>modifyProject测试成功
2023-06-07 10:44:58[ INFO ]>>queryProjectList测试成功
2023-06-07 10:44:58[ INFO ]>>insert用户插入测试成功
2023-06-07 10:44:58[ INFO ]>>modifyProject测试成功
2023-06-07 10:44:58[ INFO ]>>queryProjectList测试成功
2023-06-07 10:44:58[ INFO ]>>addProject测试成功
2023-06-07 10:44:59[ INFO ]>>addProject测试成功
2023-06-07 10:44:59[ INFO ]>>modifyProject测试成功
2023-06-07 10:48:04[ INFO ]>>queryProjectList测试成功
2023-06-07 10:48:04[ INFO ]>>insert用户插入测试成功
2023-06-07 10:48:04[ INFO ]>>modifyProject测试成功
2023-06-07 10:48:05[ INFO ]>>queryProjectList测试成功
2023-06-07 10:48:05[ INFO ]>>addProject测试成功
2023-06-07 10:48:05[ INFO ]>>addProject测试成功
2023-06-07 10:48:05[ INFO ]>>modifyProject测试成功
2023-06-07 10:48:57[ INFO ]>>queryProjectList测试成功
2023-06-07 10:48:57[ INFO ]>>insert用户插入测试成功
2023-06-07 10:48:57[ INFO ]>>modifyProject测试成功
2023-06-07 10:48:58[ INFO ]>>queryProjectList测试成功
2023-06-07 10:48:58[ INFO ]>>addProject测试成功
2023-06-07 10:48:58[ INFO ]>>addProject测试成功
2023-06-07 10:48:58[ INFO ]>>modifyProject测试成功
2023-06-07 10:50:05[ INFO ]>>queryProjectList测试成功
2023-06-07 10:50:06[ INFO ]>>insert用户插入测试成功
2023-06-07 10:50:06[ INFO ]>>modifyProject测试成功
2023-06-07 10:50:06[ INFO ]>>queryProjectList测试成功
2023-06-07 10:50:06[ INFO ]>>addProject测试成功
2023-06-07 10:50:06[ INFO ]>>addProject测试成功
2023-06-07 10:50:06[ INFO ]>>modifyProject测试成功
2023-06-07 10:50:21[ INFO ]>>queryProjectList测试成功
2023-06-07 10:50:21[ INFO ]>>insert用户插入测试成功
2023-06-07 10:50:21[ INFO ]>>modifyProject测试成功
2023-06-07 10:50:21[ INFO ]>>queryProjectList测试成功
2023-06-07 10:50:21[ INFO ]>>addProject测试成功
2023-06-07 10:50:22[ INFO ]>>addProject测试成功
2023-06-07 10:50:22[ INFO ]>>modifyProject测试成功
2023-06-07 14:16:19[ INFO ]>>queryProjectList测试成功
2023-06-07 14:16:19[ INFO ]>>insert用户插入测试成功
2023-06-07 14:16:19[ INFO ]>>modifyProject测试成功
2023-06-07 14:16:19[ INFO ]>>queryProjectList测试成功
2023-06-07 14:16:20[ INFO ]>>addProject测试成功
2023-06-07 14:16:20[ INFO ]>>addProject测试成功
2023-06-07 14:16:20[ INFO ]>>modifyProject测试成功
2023-06-08 09:46:11[ INFO ]>>queryProjectList测试成功
2023-06-08 09:46:12[ INFO ]>>insert用户插入测试成功
2023-06-08 09:46:12[ INFO ]>>modifyProject测试成功
2023-06-08 09:46:12[ INFO ]>>queryProjectList测试成功
2023-06-08 09:46:12[ INFO ]>>addProject测试成功
2023-06-08 09:46:12[ INFO ]>>addProject测试成功
2023-06-08 09:46:13[ INFO ]>>modifyProject测试成功
2023-06-08 09:54:28[ INFO ]>>queryProjectList测试成功
2023-06-08 09:54:28[ INFO ]>>insert用户插入测试成功
2023-06-08 09:54:28[ INFO ]>>modifyProject测试成功
2023-06-08 09:54:29[ INFO ]>>queryProjectList测试成功
2023-06-08 09:54:29[ INFO ]>>addProject测试成功
2023-06-08 09:54:29[ INFO ]>>addProject测试成功
2023-06-08 09:54:29[ INFO ]>>modifyProject测试成功
2023-06-08 09:57:02[ INFO ]>>queryProjectList测试成功
2023-06-08 09:57:03[ INFO ]>>insert用户插入测试成功
2023-06-08 09:57:03[ INFO ]>>modifyProject测试成功
2023-06-08 09:57:03[ INFO ]>>queryProjectList测试成功
2023-06-08 09:57:03[ INFO ]>>addProject测试成功
2023-06-08 09:57:03[ INFO ]>>addProject测试成功
2023-06-08 09:57:03[ INFO ]>>modifyProject测试成功
2023-06-08 09:57:24[ INFO ]>>queryProjectList测试成功
2023-06-08 09:57:25[ INFO ]>>insert用户插入测试成功
2023-06-08 09:57:25[ INFO ]>>modifyProject测试成功
2023-06-08 09:57:25[ INFO ]>>queryProjectList测试成功
2023-06-08 09:57:25[ INFO ]>>addProject测试成功
2023-06-08 09:57:25[ INFO ]>>addProject测试成功
2023-06-08 09:57:26[ INFO ]>>modifyProject测试成功
2023-06-08 09:58:00[ INFO ]>>queryProjectList测试成功
2023-06-08 09:58:01[ INFO ]>>insert用户插入测试成功
2023-06-08 09:58:01[ INFO ]>>modifyProject测试成功
2023-06-08 09:58:01[ INFO ]>>queryProjectList测试成功
2023-06-08 09:58:01[ INFO ]>>addProject测试成功
2023-06-08 09:58:01[ INFO ]>>addProject测试成功
2023-06-08 09:58:01[ INFO ]>>modifyProject测试成功
2023-06-08 10:01:52[ INFO ]>>queryProjectList测试成功
2023-06-08 10:01:52[ INFO ]>>insert用户插入测试成功
2023-06-08 10:01:52[ INFO ]>>modifyProject测试成功
2023-06-08 10:01:52[ INFO ]>>queryProjectList测试成功
2023-06-08 10:01:53[ INFO ]>>addProject测试成功
2023-06-08 10:01:53[ INFO ]>>addProject测试成功
2023-06-08 10:01:53[ INFO ]>>modifyProject测试成功
2023-06-08 10:03:30[ INFO ]>>queryProjectList测试成功
2023-06-08 10:03:31[ INFO ]>>insert用户插入测试成功
2023-06-08 10:03:31[ INFO ]>>modifyProject测试成功
2023-06-08 10:03:31[ INFO ]>>queryProjectList测试成功
2023-06-08 10:03:31[ INFO ]>>addProject测试成功
2023-06-08 10:03:31[ INFO ]>>addProject测试成功
2023-06-08 10:03:31[ INFO ]>>modifyProject测试成功
2023-06-08 10:50:53[ INFO ]>>queryProjectList测试成功
2023-06-08 10:50:53[ INFO ]>>insert用户插入测试成功
2023-06-08 10:50:53[ INFO ]>>modifyProject测试成功
2023-06-08 10:50:53[ INFO ]>>queryProjectList测试成功
2023-06-08 10:50:53[ INFO ]>>addProject测试成功
2023-06-08 10:50:54[ INFO ]>>addProject测试成功
2023-06-08 10:50:54[ INFO ]>>modifyProject测试成功
2023-06-08 10:52:01[ INFO ]>>queryProjectList测试成功
2023-06-08 10:52:01[ INFO ]>>insert用户插入测试成功
2023-06-08 10:52:01[ INFO ]>>modifyProject测试成功
2023-06-08 10:52:01[ INFO ]>>queryProjectList测试成功
2023-06-08 10:52:02[ INFO ]>>addProject测试成功
2023-06-08 10:52:02[ INFO ]>>addProject测试成功
2023-06-08 10:52:02[ INFO ]>>modifyProject测试成功
2023-06-08 10:59:28[ INFO ]>>queryProjectList测试成功
2023-06-08 10:59:29[ INFO ]>>insert用户插入测试成功
2023-06-08 10:59:30[ INFO ]>>modifyProject测试成功
2023-06-08 10:59:30[ INFO ]>>queryProjectList测试成功
2023-06-08 10:59:30[ INFO ]>>addProject测试成功
2023-06-08 10:59:31[ INFO ]>>addProject测试成功
2023-06-08 10:59:31[ INFO ]>>modifyProject测试成功
2023-06-08 11:13:15[ INFO ]>>queryProjectList测试成功
2023-06-08 11:13:15[ INFO ]>>insert用户插入测试成功
2023-06-08 11:13:15[ INFO ]>>modifyProject测试成功
2023-06-08 11:13:15[ INFO ]>>queryProjectList测试成功
2023-06-08 11:13:16[ INFO ]>>addProject测试成功
2023-06-08 11:13:16[ INFO ]>>addProject测试成功
2023-06-08 11:13:16[ INFO ]>>modifyProject测试成功
2023-06-08 11:14:29[ INFO ]>>queryProjectList测试成功
2023-06-08 11:14:30[ INFO ]>>insert用户插入测试成功
2023-06-08 11:14:30[ INFO ]>>modifyProject测试成功
2023-06-08 11:14:31[ INFO ]>>queryProjectList测试成功
2023-06-08 11:14:31[ INFO ]>>addProject测试成功
2023-06-08 11:14:32[ INFO ]>>addProject测试成功
2023-06-08 11:14:32[ INFO ]>>modifyProject测试成功
2023-06-08 11:16:12[ INFO ]>>queryProjectList测试成功
2023-06-08 11:16:12[ INFO ]>>insert用户插入测试成功
2023-06-08 11:16:12[ INFO ]>>modifyProject测试成功
2023-06-08 11:16:12[ INFO ]>>queryProjectList测试成功
2023-06-08 11:16:12[ INFO ]>>addProject测试成功
2023-06-08 11:16:13[ INFO ]>>addProject测试成功
2023-06-08 11:16:13[ INFO ]>>modifyProject测试成功
2023-06-08 11:18:39[ INFO ]>>queryProjectList测试成功
2023-06-08 11:18:39[ INFO ]>>insert用户插入测试成功
2023-06-08 11:18:39[ INFO ]>>modifyProject测试成功
2023-06-08 11:18:39[ INFO ]>>queryProjectList测试成功
2023-06-08 11:18:40[ INFO ]>>addProject测试成功
2023-06-08 11:18:40[ INFO ]>>addProject测试成功
2023-06-08 11:18:40[ INFO ]>>modifyProject测试成功
2023-06-08 11:23:01[ INFO ]>>queryProjectList测试成功
2023-06-08 11:23:01[ INFO ]>>insert用户插入测试成功
2023-06-08 11:23:01[ INFO ]>>modifyProject测试成功
2023-06-08 11:23:01[ INFO ]>>queryProjectList测试成功
2023-06-08 11:23:01[ INFO ]>>addProject测试成功
2023-06-08 11:23:02[ INFO ]>>addProject测试成功
2023-06-08 11:23:02[ INFO ]>>modifyProject测试成功
2023-06-08 11:23:48[ INFO ]>>queryProjectList测试成功
2023-06-08 11:23:49[ INFO ]>>insert用户插入测试成功
2023-06-08 11:23:49[ INFO ]>>modifyProject测试成功
2023-06-08 11:23:49[ INFO ]>>queryProjectList测试成功
2023-06-08 11:23:49[ INFO ]>>addProject测试成功
2023-06-08 11:23:49[ INFO ]>>addProject测试成功
2023-06-08 11:23:49[ INFO ]>>modifyProject测试成功
2023-06-08 14:20:32[ INFO ]>>queryProjectList测试成功
2023-06-08 14:20:33[ INFO ]>>insert用户插入测试成功
2023-06-08 14:20:33[ INFO ]>>modifyProject测试成功
2023-06-08 14:20:33[ INFO ]>>queryProjectList测试成功
2023-06-08 14:20:33[ INFO ]>>addProject测试成功
2023-06-08 14:20:34[ INFO ]>>addProject测试成功
2023-06-08 14:20:34[ INFO ]>>modifyProject测试成功
2023-06-08 14:21:52[ INFO ]>>queryProjectList测试成功
2023-06-08 14:21:52[ INFO ]>>insert用户插入测试成功
2023-06-08 14:21:52[ INFO ]>>modifyProject测试成功
2023-06-08 14:21:52[ INFO ]>>queryProjectList测试成功
2023-06-08 14:21:52[ INFO ]>>addProject测试成功
2023-06-08 14:21:53[ INFO ]>>addProject测试成功
2023-06-08 14:21:53[ INFO ]>>modifyProject测试成功
2023-06-08 14:22:45[ INFO ]>>queryProjectList测试成功
2023-06-08 14:22:46[ INFO ]>>insert用户插入测试成功
2023-06-08 14:22:46[ INFO ]>>modifyProject测试成功
2023-06-08 14:22:46[ INFO ]>>queryProjectList测试成功
2023-06-08 14:22:46[ INFO ]>>addProject测试成功
2023-06-08 14:22:46[ INFO ]>>addProject测试成功
2023-06-08 14:22:46[ INFO ]>>modifyProject测试成功
2023-06-08 14:25:13[ INFO ]>>queryProjectList测试成功
2023-06-08 14:25:13[ INFO ]>>insert用户插入测试成功
2023-06-08 14:25:13[ INFO ]>>modifyProject测试成功
2023-06-08 14:25:13[ INFO ]>>queryProjectList测试成功
2023-06-08 14:25:14[ INFO ]>>addProject测试成功
2023-06-08 14:25:14[ INFO ]>>addProject测试成功
2023-06-08 14:25:14[ INFO ]>>modifyProject测试成功
2023-06-08 14:31:42[ INFO ]>>queryProjectList测试成功
2023-06-08 14:31:42[ INFO ]>>insert用户插入测试成功
2023-06-08 14:31:43[ INFO ]>>modifyProject测试成功
2023-06-08 14:31:43[ INFO ]>>queryProjectList测试成功
2023-06-08 14:31:43[ INFO ]>>addProject测试成功
2023-06-08 14:31:43[ INFO ]>>addProject测试成功
2023-06-08 14:31:43[ INFO ]>>modifyProject测试成功
2023-06-08 14:34:06[ INFO ]>>queryProjectList测试成功
2023-06-08 14:34:06[ INFO ]>>insert用户插入测试成功
2023-06-08 14:34:06[ INFO ]>>modifyProject测试成功
2023-06-08 14:34:06[ INFO ]>>queryProjectList测试成功
2023-06-08 14:34:06[ INFO ]>>addProject测试成功
2023-06-08 14:34:07[ INFO ]>>addProject测试成功
2023-06-08 14:34:07[ INFO ]>>modifyProject测试成功
2023-06-08 14:36:30[ INFO ]>>queryProjectList测试成功
2023-06-08 14:36:31[ INFO ]>>insert用户插入测试成功
2023-06-08 14:36:31[ INFO ]>>modifyProject测试成功
2023-06-08 14:36:31[ INFO ]>>queryProjectList测试成功
2023-06-08 14:36:31[ INFO ]>>addProject测试成功
2023-06-08 14:36:31[ INFO ]>>addProject测试成功
2023-06-08 14:36:32[ INFO ]>>modifyProject测试成功
2023-06-09 09:45:13[ INFO ]>>queryProjectList测试成功
2023-06-09 09:45:13[ INFO ]>>insert用户插入测试成功
2023-06-09 09:45:14[ INFO ]>>modifyProject测试成功
2023-06-09 09:45:14[ INFO ]>>queryProjectList测试成功
2023-06-09 09:45:14[ INFO ]>>addProject测试成功
2023-06-09 09:45:14[ INFO ]>>addProject测试成功
2023-06-09 09:45:14[ INFO ]>>modifyProject测试成功
2023-06-09 09:47:57[ INFO ]>>queryProjectList测试成功
2023-06-09 09:47:58[ INFO ]>>insert用户插入测试成功
2023-06-09 09:47:58[ INFO ]>>modifyProject测试成功
2023-06-09 09:47:58[ INFO ]>>queryProjectList测试成功
2023-06-09 09:47:58[ INFO ]>>addProject测试成功
2023-06-09 09:47:59[ INFO ]>>addProject测试成功
2023-06-09 09:47:59[ INFO ]>>modifyProject测试成功
2023-06-09 10:01:47[ INFO ]>>queryProjectList测试成功
2023-06-09 10:01:47[ INFO ]>>insert用户插入测试成功
2023-06-09 10:01:47[ INFO ]>>modifyProject测试成功
2023-06-09 10:01:47[ INFO ]>>queryProjectList测试成功
2023-06-09 10:01:48[ INFO ]>>addProject测试成功
2023-06-09 10:01:48[ INFO ]>>addProject测试成功
2023-06-09 10:01:48[ INFO ]>>modifyProject测试成功
2023-06-09 10:04:15[ INFO ]>>queryProjectList测试成功
2023-06-09 10:04:16[ INFO ]>>insert用户插入测试成功
2023-06-09 10:04:16[ INFO ]>>modifyProject测试成功
2023-06-09 10:04:16[ INFO ]>>queryProjectList测试成功
2023-06-09 10:04:16[ INFO ]>>addProject测试成功
2023-06-09 10:04:16[ INFO ]>>addProject测试成功
2023-06-09 10:04:16[ INFO ]>>modifyProject测试成功
2023-06-09 10:13:59[ INFO ]>>queryProjectList测试成功
2023-06-09 10:13:59[ INFO ]>>insert用户插入测试成功
2023-06-09 10:14:00[ INFO ]>>modifyProject测试成功
2023-06-09 10:14:00[ INFO ]>>queryProjectList测试成功
2023-06-09 10:14:00[ INFO ]>>addProject测试成功
2023-06-09 10:14:00[ INFO ]>>addProject测试成功
2023-06-09 10:14:00[ INFO ]>>modifyProject测试成功
2023-06-09 10:15:54[ INFO ]>>queryProjectList测试成功
2023-06-09 10:15:54[ INFO ]>>insert用户插入测试成功
2023-06-09 10:15:54[ INFO ]>>modifyProject测试成功
2023-06-09 10:15:54[ INFO ]>>queryProjectList测试成功
2023-06-09 10:15:55[ INFO ]>>addProject测试成功
2023-06-09 10:15:55[ INFO ]>>addProject测试成功
2023-06-09 10:15:55[ INFO ]>>modifyProject测试成功
2023-06-09 10:25:10[ INFO ]>>queryProjectList测试成功
2023-06-09 10:25:10[ INFO ]>>insert用户插入测试成功
2023-06-09 10:25:10[ INFO ]>>modifyProject测试成功
2023-06-09 10:25:10[ INFO ]>>queryProjectList测试成功
2023-06-09 10:25:11[ INFO ]>>addProject测试成功
2023-06-09 10:25:11[ INFO ]>>addProject测试成功
2023-06-09 10:25:11[ INFO ]>>modifyProject测试成功
2023-06-09 10:26:24[ INFO ]>>queryProjectList测试成功
2023-06-09 10:26:24[ INFO ]>>insert用户插入测试成功
2023-06-09 10:26:24[ INFO ]>>modifyProject测试成功
2023-06-09 10:26:25[ INFO ]>>queryProjectList测试成功
2023-06-09 10:26:25[ INFO ]>>addProject测试成功
2023-06-09 10:26:25[ INFO ]>>addProject测试成功
2023-06-09 10:26:25[ INFO ]>>modifyProject测试成功
2023-06-09 10:29:14[ INFO ]>>queryProjectList测试成功
2023-06-09 10:29:14[ INFO ]>>insert用户插入测试成功
2023-06-09 10:29:14[ INFO ]>>modifyProject测试成功
2023-06-09 10:29:14[ INFO ]>>queryProjectList测试成功
2023-06-09 10:29:15[ INFO ]>>addProject测试成功
2023-06-09 10:29:15[ INFO ]>>addProject测试成功
2023-06-09 10:29:15[ INFO ]>>modifyProject测试成功
2023-06-09 10:30:44[ INFO ]>>queryProjectList测试成功
2023-06-09 10:30:45[ INFO ]>>insert用户插入测试成功
2023-06-09 10:30:45[ INFO ]>>modifyProject测试成功
2023-06-09 10:30:45[ INFO ]>>queryProjectList测试成功
2023-06-09 10:30:45[ INFO ]>>addProject测试成功
2023-06-09 10:30:46[ INFO ]>>addProject测试成功
2023-06-09 10:30:46[ INFO ]>>modifyProject测试成功
2023-06-09 10:37:54[ INFO ]>>queryProjectList测试成功
2023-06-09 10:37:54[ INFO ]>>insert用户插入测试成功
2023-06-09 10:37:54[ INFO ]>>modifyProject测试成功
2023-06-09 10:37:54[ INFO ]>>queryProjectList测试成功
2023-06-09 10:37:55[ INFO ]>>addProject测试成功
2023-06-09 10:37:55[ INFO ]>>addProject测试成功
2023-06-09 10:37:55[ INFO ]>>modifyProject测试成功
2023-06-09 10:40:26[ INFO ]>>queryProjectList测试成功
2023-06-09 10:40:27[ INFO ]>>insert用户插入测试成功
2023-06-09 10:40:27[ INFO ]>>modifyProject测试成功
2023-06-09 10:40:27[ INFO ]>>queryProjectList测试成功
2023-06-09 10:40:27[ INFO ]>>addProject测试成功
2023-06-09 10:40:27[ INFO ]>>addProject测试成功
2023-06-09 10:40:28[ INFO ]>>modifyProject测试成功
2023-06-09 10:44:20[ INFO ]>>queryProjectList测试成功
2023-06-09 10:44:21[ INFO ]>>insert用户插入测试成功
2023-06-09 10:44:21[ INFO ]>>modifyProject测试成功
2023-06-09 10:44:21[ INFO ]>>queryProjectList测试成功
2023-06-09 10:44:21[ INFO ]>>addProject测试成功
2023-06-09 10:44:22[ INFO ]>>addProject测试成功
2023-06-09 10:44:22[ INFO ]>>modifyProject测试成功
2023-06-09 10:46:49[ INFO ]>>queryProjectList测试成功
2023-06-09 10:46:49[ INFO ]>>insert用户插入测试成功
2023-06-09 10:46:49[ INFO ]>>modifyProject测试成功
2023-06-09 10:46:49[ INFO ]>>queryProjectList测试成功
2023-06-09 10:46:49[ INFO ]>>addProject测试成功
2023-06-09 10:46:50[ INFO ]>>addProject测试成功
2023-06-09 10:46:50[ INFO ]>>modifyProject测试成功
2023-06-09 10:49:53[ INFO ]>>queryProjectList测试成功
2023-06-09 10:49:53[ INFO ]>>insert用户插入测试成功
2023-06-09 10:49:53[ INFO ]>>modifyProject测试成功
2023-06-09 10:49:53[ INFO ]>>queryProjectList测试成功
2023-06-09 10:49:53[ INFO ]>>addProject测试成功
2023-06-09 10:49:54[ INFO ]>>addProject测试成功
2023-06-09 10:49:54[ INFO ]>>modifyProject测试成功
2023-06-09 10:51:45[ INFO ]>>queryProjectList测试成功
2023-06-09 10:51:46[ INFO ]>>insert用户插入测试成功
2023-06-09 10:51:46[ INFO ]>>modifyProject测试成功
2023-06-09 10:51:46[ INFO ]>>queryProjectList测试成功
2023-06-09 10:51:46[ INFO ]>>addProject测试成功
2023-06-09 10:51:47[ INFO ]>>addProject测试成功
2023-06-09 10:51:47[ INFO ]>>modifyProject测试成功
2023-06-09 12:21:46[ INFO ]>>queryProjectList测试成功
2023-06-09 12:21:47[ INFO ]>>insert用户插入测试成功
2023-06-09 12:21:47[ INFO ]>>modifyProject测试成功
2023-06-09 12:21:47[ INFO ]>>queryProjectList测试成功
2023-06-09 12:21:47[ INFO ]>>addProject测试成功
2023-06-09 12:21:48[ INFO ]>>addProject测试成功
2023-06-09 12:21:48[ INFO ]>>modifyProject测试成功
2023-06-09 12:29:00[ INFO ]>>queryProjectList测试成功
2023-06-09 12:29:01[ INFO ]>>insert用户插入测试成功
2023-06-09 12:29:01[ INFO ]>>modifyProject测试成功
2023-06-09 12:29:01[ INFO ]>>queryProjectList测试成功
2023-06-09 12:29:01[ INFO ]>>addProject测试成功
2023-06-09 12:29:02[ INFO ]>>addProject测试成功
2023-06-09 12:29:02[ INFO ]>>modifyProject测试成功
